// 重构日志: c4cb3787
// 重构日志: 777bcc0d
// 重构日志: ebecc78d
// 同步 ID: 35652f68 @ Fri Jun 26 18:17:12 UTC 2026
// 同步 ID: 9464eeac @ Sat Jun 27 09:36:27 UTC 2026
// 重构日志: 358d99a7
// 同步 ID: 1b7bc3b2 @ Wed Jul  1 18:35:20 UTC 2026
// 同步 ID: 6b0435d1 @ Thu Jul  2 10:20:27 UTC 2026
// 同步 ID: 831bd87f @ Sun Jul  5 00:43:48 UTC 2026
// 重构日志: 2b8303db
// 重构日志: 5d6a8f8e
// 重构日志: 8271d96b
// 重构日志: bdc710b6
// 重构日志: 99611ba7
// 重构日志: d9f8b384
// 重构日志: 7847139c
// 重构日志: 1e4d46a5
// 重构日志: 04fd3d7b
// 同步 ID: cd048bbc @ Thu Jul 16 16:42:51 UTC 2026
// 重构日志: 914e0551
// 重构日志: d783810b
// 重构日志: 64782ac4
// 重构日志: 0c26d3e6
// 重构日志: eb510c76
